2019-03-07 17:07:08  INFO DefaultTestContextBootstrapper:248 - Loaded default TestExecutionListener class names from location [META-INF/spring.factories]: [org.springframework.test.context.web.ServletTestExecutionListener, org.springframework.test.context.support.DirtiesContextBeforeModesTestExecutionListener, org.springframework.test.context.support.DependencyInjectionTestExecutionListener, org.springframework.test.context.support.DirtiesContextTestExecutionListener, org.springframework.test.context.transaction.TransactionalTestExecutionListener, org.springframework.test.context.jdbc.SqlScriptsTestExecutionListener]
2019-03-07 17:07:08  INFO DefaultTestContextBootstrapper:177 - Using TestExecutionListeners: [org.springframework.test.context.support.DirtiesContextBeforeModesTestExecutionListener@4cc451f2, org.springframework.test.context.support.DependencyInjectionTestExecutionListener@6379eb, org.springframework.test.context.support.DirtiesContextTestExecutionListener@294425a7]
2019-03-07 17:07:15  INFO DefaultTestContextBootstrapper:248 - Loaded default TestExecutionListener class names from location [META-INF/spring.factories]: [org.springframework.test.context.web.ServletTestExecutionListener, org.springframework.test.context.support.DirtiesContextBeforeModesTestExecutionListener, org.springframework.test.context.support.DependencyInjectionTestExecutionListener, org.springframework.test.context.support.DirtiesContextTestExecutionListener, org.springframework.test.context.transaction.TransactionalTestExecutionListener, org.springframework.test.context.jdbc.SqlScriptsTestExecutionListener]
2019-03-07 17:07:15  INFO DefaultTestContextBootstrapper:177 - Using TestExecutionListeners: [org.springframework.test.context.support.DirtiesContextBeforeModesTestExecutionListener@6eebc39e, org.springframework.test.context.support.DependencyInjectionTestExecutionListener@464bee09, org.springframework.test.context.support.DirtiesContextTestExecutionListener@f6c48ac]
2019-03-07 17:13:06  INFO DefaultTestContextBootstrapper:248 - Loaded default TestExecutionListener class names from location [META-INF/spring.factories]: [org.springframework.test.context.web.ServletTestExecutionListener, org.springframework.test.context.support.DirtiesContextBeforeModesTestExecutionListener, org.springframework.test.context.support.DependencyInjectionTestExecutionListener, org.springframework.test.context.support.DirtiesContextTestExecutionListener, org.springframework.test.context.transaction.TransactionalTestExecutionListener, org.springframework.test.context.jdbc.SqlScriptsTestExecutionListener]
2019-03-07 17:13:06  INFO DefaultTestContextBootstrapper:177 - Using TestExecutionListeners: [org.springframework.test.context.support.DirtiesContextBeforeModesTestExecutionListener@6eebc39e, org.springframework.test.context.support.DependencyInjectionTestExecutionListener@464bee09, org.springframework.test.context.support.DirtiesContextTestExecutionListener@f6c48ac]
2019-03-07 17:13:29 DEBUG SpringJUnit4ClassRunner:139 - SpringJUnit4ClassRunner constructor called with [class com.spring.AoP.UserDaoTest]
2019-03-07 17:13:29 DEBUG BootstrapUtils:96 - Instantiating CacheAwareContextLoaderDelegate from class [org.springframework.test.context.cache.DefaultCacheAwareContextLoaderDelegate]
2019-03-07 17:13:29 DEBUG BootstrapUtils:79 - Instantiating BootstrapContext using constructor [public org.springframework.test.context.support.DefaultBootstrapContext(java.lang.Class,org.springframework.test.context.CacheAwareContextLoaderDelegate)]
2019-03-07 17:13:29 DEBUG BootstrapUtils:132 - Instantiating TestContextBootstrapper for test class [com.spring.AoP.UserDaoTest] from class [org.springframework.test.context.support.DefaultTestContextBootstrapper]
2019-03-07 17:13:29 DEBUG AbstractDelegatingSmartContextLoader:263 - Delegating to GenericXmlContextLoader to process context configuration [ContextConfigurationAttributes@9629756 declaringClass = 'com.spring.AoP.UserDaoTest', classes = '{}', locations = '{/spring.xml}', inheritLocations = true, initializers = '{}', inheritInitializers = true, name = [null], contextLoaderClass = 'org.springframework.test.context.ContextLoader'].
2019-03-07 17:13:29 DEBUG ActiveProfilesUtils:79 - Could not find an 'annotation declaring class' for annotation type [org.springframework.test.context.ActiveProfiles] and class [com.spring.AoP.UserDaoTest]
2019-03-07 17:13:29 DEBUG DefaultTestContextBootstrapper:125 - @TestExecutionListeners is not present for class [com.spring.AoP.UserDaoTest]: using defaults.
2019-03-07 17:13:29  INFO DefaultTestContextBootstrapper:248 - Loaded default TestExecutionListener class names from location [META-INF/spring.factories]: [org.springframework.test.context.web.ServletTestExecutionListener, org.springframework.test.context.support.DirtiesContextBeforeModesTestExecutionListener, org.springframework.test.context.support.DependencyInjectionTestExecutionListener, org.springframework.test.context.support.DirtiesContextTestExecutionListener, org.springframework.test.context.transaction.TransactionalTestExecutionListener, org.springframework.test.context.jdbc.SqlScriptsTestExecutionListener]
2019-03-07 17:13:29 DEBUG DefaultTestContextBootstrapper:192 - Skipping candidate TestExecutionListener [org.springframework.test.context.web.ServletTestExecutionListener] due to a missing dependency. Specify custom listener classes or make the default listener classes and their required dependencies available. Offending class: [javax/servlet/ServletContext]
2019-03-07 17:13:29 DEBUG DefaultTestContextBootstrapper:192 - Skipping candidate TestExecutionListener [org.springframework.test.context.transaction.TransactionalTestExecutionListener] due to a missing dependency. Specify custom listener classes or make the default listener classes and their required dependencies available. Offending class: [org/springframework/transaction/interceptor/TransactionAttributeSource]
2019-03-07 17:13:29 DEBUG DefaultTestContextBootstrapper:192 - Skipping candidate TestExecutionListener [org.springframework.test.context.jdbc.SqlScriptsTestExecutionListener] due to a missing dependency. Specify custom listener classes or make the default listener classes and their required dependencies available. Offending class: [org/springframework/transaction/interceptor/TransactionAttribute]
2019-03-07 17:13:29  INFO DefaultTestContextBootstrapper:177 - Using TestExecutionListeners: [org.springframework.test.context.support.DirtiesContextBeforeModesTestExecutionListener@4f7d0008, org.springframework.test.context.support.DependencyInjectionTestExecutionListener@271053e1, org.springframework.test.context.support.DirtiesContextTestExecutionListener@589838eb]
2019-03-07 17:13:29 DEBUG ProfileValueUtils:70 - Retrieved @ProfileValueSourceConfiguration [null] for test class [com.spring.AoP.UserDaoTest]
2019-03-07 17:13:29 DEBUG ProfileValueUtils:83 - Retrieved ProfileValueSource type [class org.springframework.test.annotation.SystemProfileValueSource] for class [com.spring.AoP.UserDaoTest]
2019-03-07 17:13:29 DEBUG ProfileValueUtils:70 - Retrieved @ProfileValueSourceConfiguration [null] for test class [com.spring.AoP.UserDaoTest]
2019-03-07 17:13:29 DEBUG ProfileValueUtils:83 - Retrieved ProfileValueSource type [class org.springframework.test.annotation.SystemProfileValueSource] for class [com.spring.AoP.UserDaoTest]
2019-03-07 17:13:29 DEBUG ProfileValueUtils:70 - Retrieved @ProfileValueSourceConfiguration [null] for test class [com.spring.AoP.UserDaoTest]
2019-03-07 17:13:29 DEBUG ProfileValueUtils:83 - Retrieved ProfileValueSource type [class org.springframework.test.annotation.SystemProfileValueSource] for class [com.spring.AoP.UserDaoTest]
2019-03-07 17:13:29 DEBUG ProfileValueUtils:70 - Retrieved @ProfileValueSourceConfiguration [null] for test class [com.spring.AoP.UserDaoTest]
2019-03-07 17:13:29 DEBUG ProfileValueUtils:83 - Retrieved ProfileValueSource type [class org.springframework.test.annotation.SystemProfileValueSource] for class [com.spring.AoP.UserDaoTest]
2019-03-07 17:13:29 DEBUG AbstractDirtiesContextTestExecutionListener:142 - Before test class: context [DefaultTestContext@617faa95 testClass = UserDaoTest, testInstance = [null], testMethod = [null], testException = [null], mergedContextConfiguration = [MergedContextConfiguration@1e127982 testClass = UserDaoTest, locations = '{classpath:/spring.xml}', classes = '{}', contextInitializerClasses = '[]', activeProfiles = '{}', propertySourceLocations = '{}', propertySourceProperties = '{}', contextCustomizers = set[[empty]], contextLoader = 'org.springframework.test.context.support.DelegatingSmartContextLoader', parent = [null]], attributes = map[[empty]]], class annotated with @DirtiesContext [false] with mode [null].
2019-03-07 17:13:29 DEBUG ProfileValueUtils:70 - Retrieved @ProfileValueSourceConfiguration [null] for test class [com.spring.AoP.UserDaoTest]
2019-03-07 17:13:29 DEBUG ProfileValueUtils:83 - Retrieved ProfileValueSource type [class org.springframework.test.annotation.SystemProfileValueSource] for class [com.spring.AoP.UserDaoTest]
2019-03-07 17:13:29 DEBUG DependencyInjectionTestExecutionListener:81 - Performing dependency injection for test context [[DefaultTestContext@617faa95 testClass = UserDaoTest, testInstance = com.spring.AoP.UserDaoTest@a67c67e, testMethod = [null], testException = [null], mergedContextConfiguration = [MergedContextConfiguration@1e127982 testClass = UserDaoTest, locations = '{classpath:/spring.xml}', classes = '{}', contextInitializerClasses = '[]', activeProfiles = '{}', propertySourceLocations = '{}', propertySourceProperties = '{}', contextCustomizers = set[[empty]], contextLoader = 'org.springframework.test.context.support.DelegatingSmartContextLoader', parent = [null]], attributes = map[[empty]]]].
2019-03-07 17:13:29 DEBUG AbstractDelegatingSmartContextLoader:273 - Delegating to GenericXmlContextLoader to load context from [MergedContextConfiguration@1e127982 testClass = UserDaoTest, locations = '{classpath:/spring.xml}', classes = '{}', contextInitializerClasses = '[]', activeProfiles = '{}', propertySourceLocations = '{}', propertySourceProperties = '{}', contextCustomizers = set[[empty]], contextLoader = 'org.springframework.test.context.support.DelegatingSmartContextLoader', parent = [null]].
2019-03-07 17:13:29 DEBUG AbstractGenericContextLoader:109 - Loading ApplicationContext for merged context configuration [[MergedContextConfiguration@1e127982 testClass = UserDaoTest, locations = '{classpath:/spring.xml}', classes = '{}', contextInitializerClasses = '[]', activeProfiles = '{}', propertySourceLocations = '{}', propertySourceProperties = '{}', contextCustomizers = set[[empty]], contextLoader = 'org.springframework.test.context.support.DelegatingSmartContextLoader', parent = [null]]].
2019-03-07 17:13:29 DEBUG StandardEnvironment:252 - Activating profiles []
2019-03-07 17:13:30 DEBUG XmlBeanDefinitionReader:395 - Loaded 5 bean definitions from class path resource [spring.xml]
2019-03-07 17:13:30 DEBUG GenericApplicationContext:594 - Refreshing org.springframework.context.support.GenericApplicationContext@47ef968d
2019-03-07 17:13:30 DEBUG DefaultListableBeanFactory:213 - Creating shared instance of singleton bean 'org.springframework.context.annotation.internalConfigurationAnnotationProcessor'
2019-03-07 17:13:30 DEBUG DefaultListableBeanFactory:213 - Creating shared instance of singleton bean 'org.springframework.context.event.internalEventListenerProcessor'
2019-03-07 17:13:30 DEBUG DefaultListableBeanFactory:213 - Creating shared instance of singleton bean 'org.springframework.context.event.internalEventListenerFactory'
2019-03-07 17:13:30 DEBUG DefaultListableBeanFactory:213 - Creating shared instance of singleton bean 'org.springframework.context.annotation.internalAutowiredAnnotationProcessor'
2019-03-07 17:13:30 DEBUG DefaultListableBeanFactory:213 - Creating shared instance of singleton bean 'org.springframework.context.annotation.internalCommonAnnotationProcessor'
2019-03-07 17:13:30 DEBUG DefaultListableBeanFactory:213 - Creating shared instance of singleton bean 'org.springframework.aop.config.internalAutoProxyCreator'
2019-03-07 17:13:30 DEBUG DefaultListableBeanFactory:213 - Creating shared instance of singleton bean 'user'
2019-03-07 17:13:30 DEBUG DefaultListableBeanFactory:213 - Creating shared instance of singleton bean 'org.springframework.aop.aspectj.AspectJPointcutAdvisor#0'
2019-03-07 17:13:30 DEBUG DefaultListableBeanFactory:213 - Creating shared instance of singleton bean 'beforeAdvice'
2019-03-07 17:13:30 DEBUG DefaultCacheAwareContextLoaderDelegate:119 - Storing ApplicationContext in cache under key [[MergedContextConfiguration@1e127982 testClass = UserDaoTest, locations = '{classpath:/spring.xml}', classes = '{}', contextInitializerClasses = '[]', activeProfiles = '{}', propertySourceLocations = '{}', propertySourceProperties = '{}', contextCustomizers = set[[empty]], contextLoader = 'org.springframework.test.context.support.DelegatingSmartContextLoader', parent = [null]]]
2019-03-07 17:13:30 DEBUG cache:290 - Spring test ApplicationContext cache statistics: [DefaultContextCache@1d8bd0de size = 1, maxSize = 32, parentContextCount = 0, hitCount = 0, missCount = 1]
2019-03-07 17:13:30 DEBUG AbstractDirtiesContextTestExecutionListener:107 - Before test method: context [DefaultTestContext@617faa95 testClass = UserDaoTest, testInstance = com.spring.AoP.UserDaoTest@a67c67e, testMethod = insert@UserDaoTest, testException = [null], mergedContextConfiguration = [MergedContextConfiguration@1e127982 testClass = UserDaoTest, locations = '{classpath:/spring.xml}', classes = '{}', contextInitializerClasses = '[]', activeProfiles = '{}', propertySourceLocations = '{}', propertySourceProperties = '{}', contextCustomizers = set[[empty]], contextLoader = 'org.springframework.test.context.support.DelegatingSmartContextLoader', parent = [null]], attributes = map[[empty]]], class annotated with @DirtiesContext [false] with mode [null], method annotated with @DirtiesContext [false] with mode [null].
2019-03-07 17:13:30 DEBUG BeforeAdvice:14 - 连接数据库
2019-03-07 17:13:30 DEBUG UserDaoImpl:15 - 开始进行插入操作
2019-03-07 17:13:30 DEBUG AbstractDirtiesContextTestExecutionListener:107 - After test method: context [DefaultTestContext@617faa95 testClass = UserDaoTest, testInstance = com.spring.AoP.UserDaoTest@a67c67e, testMethod = insert@UserDaoTest, testException = [null], mergedContextConfiguration = [MergedContextConfiguration@1e127982 testClass = UserDaoTest, locations = '{classpath:/spring.xml}', classes = '{}', contextInitializerClasses = '[]', activeProfiles = '{}', propertySourceLocations = '{}', propertySourceProperties = '{}', contextCustomizers = set[[empty]], contextLoader = 'org.springframework.test.context.support.DelegatingSmartContextLoader', parent = [null]], attributes = map[[empty]]], class annotated with @DirtiesContext [false] with mode [null], method annotated with @DirtiesContext [false] with mode [null].
2019-03-07 17:13:30 DEBUG AbstractDirtiesContextTestExecutionListener:142 - After test class: context [DefaultTestContext@617faa95 testClass = UserDaoTest, testInstance = [null], testMethod = [null], testException = [null], mergedContextConfiguration = [MergedContextConfiguration@1e127982 testClass = UserDaoTest, locations = '{classpath:/spring.xml}', classes = '{}', contextInitializerClasses = '[]', activeProfiles = '{}', propertySourceLocations = '{}', propertySourceProperties = '{}', contextCustomizers = set[[empty]], contextLoader = 'org.springframework.test.context.support.DelegatingSmartContextLoader', parent = [null]], attributes = map[[empty]]], class annotated with @DirtiesContext [false] with mode [null].
2019-03-07 17:13:30 DEBUG GenericApplicationContext:1002 - Closing org.springframework.context.support.GenericApplicationContext@47ef968d, started on Thu Mar 07 17:13:30 CST 2019
2019-03-07 17:17:14 DEBUG SpringJUnit4ClassRunner:139 - SpringJUnit4ClassRunner constructor called with [class com.spring.AoP.UserDaoTest]
2019-03-07 17:17:14 DEBUG BootstrapUtils:96 - Instantiating CacheAwareContextLoaderDelegate from class [org.springframework.test.context.cache.DefaultCacheAwareContextLoaderDelegate]
2019-03-07 17:17:14 DEBUG BootstrapUtils:79 - Instantiating BootstrapContext using constructor [public org.springframework.test.context.support.DefaultBootstrapContext(java.lang.Class,org.springframework.test.context.CacheAwareContextLoaderDelegate)]
2019-03-07 17:17:14 DEBUG BootstrapUtils:132 - Instantiating TestContextBootstrapper for test class [com.spring.AoP.UserDaoTest] from class [org.springframework.test.context.support.DefaultTestContextBootstrapper]
2019-03-07 17:17:15 DEBUG AbstractDelegatingSmartContextLoader:263 - Delegating to GenericXmlContextLoader to process context configuration [ContextConfigurationAttributes@9629756 declaringClass = 'com.spring.AoP.UserDaoTest', classes = '{}', locations = '{/spring.xml}', inheritLocations = true, initializers = '{}', inheritInitializers = true, name = [null], contextLoaderClass = 'org.springframework.test.context.ContextLoader'].
2019-03-07 17:17:15 DEBUG ActiveProfilesUtils:79 - Could not find an 'annotation declaring class' for annotation type [org.springframework.test.context.ActiveProfiles] and class [com.spring.AoP.UserDaoTest]
2019-03-07 17:17:15 DEBUG DefaultTestContextBootstrapper:125 - @TestExecutionListeners is not present for class [com.spring.AoP.UserDaoTest]: using defaults.
2019-03-07 17:17:15  INFO DefaultTestContextBootstrapper:248 - Loaded default TestExecutionListener class names from location [META-INF/spring.factories]: [org.springframework.test.context.web.ServletTestExecutionListener, org.springframework.test.context.support.DirtiesContextBeforeModesTestExecutionListener, org.springframework.test.context.support.DependencyInjectionTestExecutionListener, org.springframework.test.context.support.DirtiesContextTestExecutionListener, org.springframework.test.context.transaction.TransactionalTestExecutionListener, org.springframework.test.context.jdbc.SqlScriptsTestExecutionListener]
2019-03-07 17:17:15 DEBUG DefaultTestContextBootstrapper:192 - Skipping candidate TestExecutionListener [org.springframework.test.context.web.ServletTestExecutionListener] due to a missing dependency. Specify custom listener classes or make the default listener classes and their required dependencies available. Offending class: [javax/servlet/ServletContext]
2019-03-07 17:17:15 DEBUG DefaultTestContextBootstrapper:192 - Skipping candidate TestExecutionListener [org.springframework.test.context.transaction.TransactionalTestExecutionListener] due to a missing dependency. Specify custom listener classes or make the default listener classes and their required dependencies available. Offending class: [org/springframework/transaction/interceptor/TransactionAttributeSource]
2019-03-07 17:17:15 DEBUG DefaultTestContextBootstrapper:192 - Skipping candidate TestExecutionListener [org.springframework.test.context.jdbc.SqlScriptsTestExecutionListener] due to a missing dependency. Specify custom listener classes or make the default listener classes and their required dependencies available. Offending class: [org/springframework/transaction/interceptor/TransactionAttribute]
2019-03-07 17:17:15  INFO DefaultTestContextBootstrapper:177 - Using TestExecutionListeners: [org.springframework.test.context.support.DirtiesContextBeforeModesTestExecutionListener@4f7d0008, org.springframework.test.context.support.DependencyInjectionTestExecutionListener@271053e1, org.springframework.test.context.support.DirtiesContextTestExecutionListener@589838eb]
2019-03-07 17:17:15 DEBUG ProfileValueUtils:70 - Retrieved @ProfileValueSourceConfiguration [null] for test class [com.spring.AoP.UserDaoTest]
2019-03-07 17:17:15 DEBUG ProfileValueUtils:83 - Retrieved ProfileValueSource type [class org.springframework.test.annotation.SystemProfileValueSource] for class [com.spring.AoP.UserDaoTest]
2019-03-07 17:17:15 DEBUG ProfileValueUtils:70 - Retrieved @ProfileValueSourceConfiguration [null] for test class [com.spring.AoP.UserDaoTest]
2019-03-07 17:17:15 DEBUG ProfileValueUtils:83 - Retrieved ProfileValueSource type [class org.springframework.test.annotation.SystemProfileValueSource] for class [com.spring.AoP.UserDaoTest]
2019-03-07 17:17:15 DEBUG ProfileValueUtils:70 - Retrieved @ProfileValueSourceConfiguration [null] for test class [com.spring.AoP.UserDaoTest]
2019-03-07 17:17:15 DEBUG ProfileValueUtils:83 - Retrieved ProfileValueSource type [class org.springframework.test.annotation.SystemProfileValueSource] for class [com.spring.AoP.UserDaoTest]
2019-03-07 17:17:15 DEBUG ProfileValueUtils:70 - Retrieved @ProfileValueSourceConfiguration [null] for test class [com.spring.AoP.UserDaoTest]
2019-03-07 17:17:15 DEBUG ProfileValueUtils:83 - Retrieved ProfileValueSource type [class org.springframework.test.annotation.SystemProfileValueSource] for class [com.spring.AoP.UserDaoTest]
2019-03-07 17:17:15 DEBUG AbstractDirtiesContextTestExecutionListener:142 - Before test class: context [DefaultTestContext@617faa95 testClass = UserDaoTest, testInstance = [null], testMethod = [null], testException = [null], mergedContextConfiguration = [MergedContextConfiguration@1e127982 testClass = UserDaoTest, locations = '{classpath:/spring.xml}', classes = '{}', contextInitializerClasses = '[]', activeProfiles = '{}', propertySourceLocations = '{}', propertySourceProperties = '{}', contextCustomizers = set[[empty]], contextLoader = 'org.springframework.test.context.support.DelegatingSmartContextLoader', parent = [null]], attributes = map[[empty]]], class annotated with @DirtiesContext [false] with mode [null].
2019-03-07 17:17:15 DEBUG ProfileValueUtils:70 - Retrieved @ProfileValueSourceConfiguration [null] for test class [com.spring.AoP.UserDaoTest]
2019-03-07 17:17:15 DEBUG ProfileValueUtils:83 - Retrieved ProfileValueSource type [class org.springframework.test.annotation.SystemProfileValueSource] for class [com.spring.AoP.UserDaoTest]
2019-03-07 17:17:15 DEBUG DependencyInjectionTestExecutionListener:81 - Performing dependency injection for test context [[DefaultTestContext@617faa95 testClass = UserDaoTest, testInstance = com.spring.AoP.UserDaoTest@a67c67e, testMethod = [null], testException = [null], mergedContextConfiguration = [MergedContextConfiguration@1e127982 testClass = UserDaoTest, locations = '{classpath:/spring.xml}', classes = '{}', contextInitializerClasses = '[]', activeProfiles = '{}', propertySourceLocations = '{}', propertySourceProperties = '{}', contextCustomizers = set[[empty]], contextLoader = 'org.springframework.test.context.support.DelegatingSmartContextLoader', parent = [null]], attributes = map[[empty]]]].
2019-03-07 17:17:15 DEBUG AbstractDelegatingSmartContextLoader:273 - Delegating to GenericXmlContextLoader to load context from [MergedContextConfiguration@1e127982 testClass = UserDaoTest, locations = '{classpath:/spring.xml}', classes = '{}', contextInitializerClasses = '[]', activeProfiles = '{}', propertySourceLocations = '{}', propertySourceProperties = '{}', contextCustomizers = set[[empty]], contextLoader = 'org.springframework.test.context.support.DelegatingSmartContextLoader', parent = [null]].
2019-03-07 17:17:15 DEBUG AbstractGenericContextLoader:109 - Loading ApplicationContext for merged context configuration [[MergedContextConfiguration@1e127982 testClass = UserDaoTest, locations = '{classpath:/spring.xml}', classes = '{}', contextInitializerClasses = '[]', activeProfiles = '{}', propertySourceLocations = '{}', propertySourceProperties = '{}', contextCustomizers = set[[empty]], contextLoader = 'org.springframework.test.context.support.DelegatingSmartContextLoader', parent = [null]]].
2019-03-07 17:17:15 DEBUG StandardEnvironment:252 - Activating profiles []
2019-03-07 17:17:15 DEBUG XmlBeanDefinitionReader:395 - Loaded 5 bean definitions from class path resource [spring.xml]
2019-03-07 17:17:15 DEBUG GenericApplicationContext:594 - Refreshing org.springframework.context.support.GenericApplicationContext@47ef968d
2019-03-07 17:17:15 DEBUG DefaultListableBeanFactory:213 - Creating shared instance of singleton bean 'org.springframework.context.annotation.internalConfigurationAnnotationProcessor'
2019-03-07 17:17:16 DEBUG DefaultListableBeanFactory:213 - Creating shared instance of singleton bean 'org.springframework.context.event.internalEventListenerProcessor'
2019-03-07 17:17:16 DEBUG DefaultListableBeanFactory:213 - Creating shared instance of singleton bean 'org.springframework.context.event.internalEventListenerFactory'
2019-03-07 17:17:16 DEBUG DefaultListableBeanFactory:213 - Creating shared instance of singleton bean 'org.springframework.context.annotation.internalAutowiredAnnotationProcessor'
2019-03-07 17:17:16 DEBUG DefaultListableBeanFactory:213 - Creating shared instance of singleton bean 'org.springframework.context.annotation.internalCommonAnnotationProcessor'
2019-03-07 17:17:16 DEBUG DefaultListableBeanFactory:213 - Creating shared instance of singleton bean 'org.springframework.aop.config.internalAutoProxyCreator'
2019-03-07 17:17:16 DEBUG DefaultListableBeanFactory:213 - Creating shared instance of singleton bean 'user'
2019-03-07 17:17:16 DEBUG DefaultListableBeanFactory:213 - Creating shared instance of singleton bean 'org.springframework.aop.aspectj.AspectJPointcutAdvisor#0'
2019-03-07 17:17:17 DEBUG DefaultListableBeanFactory:213 - Creating shared instance of singleton bean 'beforeAdvice'
2019-03-07 17:17:17 DEBUG DefaultCacheAwareContextLoaderDelegate:119 - Storing ApplicationContext in cache under key [[MergedContextConfiguration@1e127982 testClass = UserDaoTest, locations = '{classpath:/spring.xml}', classes = '{}', contextInitializerClasses = '[]', activeProfiles = '{}', propertySourceLocations = '{}', propertySourceProperties = '{}', contextCustomizers = set[[empty]], contextLoader = 'org.springframework.test.context.support.DelegatingSmartContextLoader', parent = [null]]]
2019-03-07 17:17:17 DEBUG cache:290 - Spring test ApplicationContext cache statistics: [DefaultContextCache@1d8bd0de size = 1, maxSize = 32, parentContextCount = 0, hitCount = 0, missCount = 1]
2019-03-07 17:17:17 DEBUG AbstractDirtiesContextTestExecutionListener:107 - Before test method: context [DefaultTestContext@617faa95 testClass = UserDaoTest, testInstance = com.spring.AoP.UserDaoTest@a67c67e, testMethod = insert@UserDaoTest, testException = [null], mergedContextConfiguration = [MergedContextConfiguration@1e127982 testClass = UserDaoTest, locations = '{classpath:/spring.xml}', classes = '{}', contextInitializerClasses = '[]', activeProfiles = '{}', propertySourceLocations = '{}', propertySourceProperties = '{}', contextCustomizers = set[[empty]], contextLoader = 'org.springframework.test.context.support.DelegatingSmartContextLoader', parent = [null]], attributes = map[[empty]]], class annotated with @DirtiesContext [false] with mode [null], method annotated with @DirtiesContext [false] with mode [null].
2019-03-07 17:17:17 DEBUG BeforeAdvice:14 - 连接数据库
2019-03-07 17:17:17 DEBUG UserDaoImpl:15 - 开始进行插入操作
2019-03-07 17:17:17 DEBUG AbstractDirtiesContextTestExecutionListener:107 - After test method: context [DefaultTestContext@617faa95 testClass = UserDaoTest, testInstance = com.spring.AoP.UserDaoTest@a67c67e, testMethod = insert@UserDaoTest, testException = [null], mergedContextConfiguration = [MergedContextConfiguration@1e127982 testClass = UserDaoTest, locations = '{classpath:/spring.xml}', classes = '{}', contextInitializerClasses = '[]', activeProfiles = '{}', propertySourceLocations = '{}', propertySourceProperties = '{}', contextCustomizers = set[[empty]], contextLoader = 'org.springframework.test.context.support.DelegatingSmartContextLoader', parent = [null]], attributes = map[[empty]]], class annotated with @DirtiesContext [false] with mode [null], method annotated with @DirtiesContext [false] with mode [null].
2019-03-07 17:17:17 DEBUG AbstractDirtiesContextTestExecutionListener:142 - After test class: context [DefaultTestContext@617faa95 testClass = UserDaoTest, testInstance = [null], testMethod = [null], testException = [null], mergedContextConfiguration = [MergedContextConfiguration@1e127982 testClass = UserDaoTest, locations = '{classpath:/spring.xml}', classes = '{}', contextInitializerClasses = '[]', activeProfiles = '{}', propertySourceLocations = '{}', propertySourceProperties = '{}', contextCustomizers = set[[empty]], contextLoader = 'org.springframework.test.context.support.DelegatingSmartContextLoader', parent = [null]], attributes = map[[empty]]], class annotated with @DirtiesContext [false] with mode [null].
2019-03-07 17:17:17 DEBUG GenericApplicationContext:1002 - Closing org.springframework.context.support.GenericApplicationContext@47ef968d, started on Thu Mar 07 17:17:15 CST 2019
2019-03-07 17:17:21 DEBUG SpringJUnit4ClassRunner:139 - SpringJUnit4ClassRunner constructor called with [class com.spring.AoP.UserDaoTest]
2019-03-07 17:17:21 DEBUG BootstrapUtils:96 - Instantiating CacheAwareContextLoaderDelegate from class [org.springframework.test.context.cache.DefaultCacheAwareContextLoaderDelegate]
2019-03-07 17:17:21 DEBUG BootstrapUtils:79 - Instantiating BootstrapContext using constructor [public org.springframework.test.context.support.DefaultBootstrapContext(java.lang.Class,org.springframework.test.context.CacheAwareContextLoaderDelegate)]
2019-03-07 17:17:21 DEBUG BootstrapUtils:132 - Instantiating TestContextBootstrapper for test class [com.spring.AoP.UserDaoTest] from class [org.springframework.test.context.support.DefaultTestContextBootstrapper]
2019-03-07 17:17:21 DEBUG AbstractDelegatingSmartContextLoader:263 - Delegating to GenericXmlContextLoader to process context configuration [ContextConfigurationAttributes@9629756 declaringClass = 'com.spring.AoP.UserDaoTest', classes = '{}', locations = '{/spring.xml}', inheritLocations = true, initializers = '{}', inheritInitializers = true, name = [null], contextLoaderClass = 'org.springframework.test.context.ContextLoader'].
2019-03-07 17:17:21 DEBUG ActiveProfilesUtils:79 - Could not find an 'annotation declaring class' for annotation type [org.springframework.test.context.ActiveProfiles] and class [com.spring.AoP.UserDaoTest]
2019-03-07 17:17:21 DEBUG DefaultTestContextBootstrapper:125 - @TestExecutionListeners is not present for class [com.spring.AoP.UserDaoTest]: using defaults.
2019-03-07 17:17:21  INFO DefaultTestContextBootstrapper:248 - Loaded default TestExecutionListener class names from location [META-INF/spring.factories]: [org.springframework.test.context.web.ServletTestExecutionListener, org.springframework.test.context.support.DirtiesContextBeforeModesTestExecutionListener, org.springframework.test.context.support.DependencyInjectionTestExecutionListener, org.springframework.test.context.support.DirtiesContextTestExecutionListener, org.springframework.test.context.transaction.TransactionalTestExecutionListener, org.springframework.test.context.jdbc.SqlScriptsTestExecutionListener]
2019-03-07 17:17:21 DEBUG DefaultTestContextBootstrapper:192 - Skipping candidate TestExecutionListener [org.springframework.test.context.web.ServletTestExecutionListener] due to a missing dependency. Specify custom listener classes or make the default listener classes and their required dependencies available. Offending class: [javax/servlet/ServletContext]
2019-03-07 17:17:21 DEBUG DefaultTestContextBootstrapper:192 - Skipping candidate TestExecutionListener [org.springframework.test.context.transaction.TransactionalTestExecutionListener] due to a missing dependency. Specify custom listener classes or make the default listener classes and their required dependencies available. Offending class: [org/springframework/transaction/interceptor/TransactionAttributeSource]
2019-03-07 17:17:21 DEBUG DefaultTestContextBootstrapper:192 - Skipping candidate TestExecutionListener [org.springframework.test.context.jdbc.SqlScriptsTestExecutionListener] due to a missing dependency. Specify custom listener classes or make the default listener classes and their required dependencies available. Offending class: [org/springframework/transaction/interceptor/TransactionAttribute]
2019-03-07 17:17:21  INFO DefaultTestContextBootstrapper:177 - Using TestExecutionListeners: [org.springframework.test.context.support.DirtiesContextBeforeModesTestExecutionListener@4f7d0008, org.springframework.test.context.support.DependencyInjectionTestExecutionListener@271053e1, org.springframework.test.context.support.DirtiesContextTestExecutionListener@589838eb]
2019-03-07 17:17:22 DEBUG ProfileValueUtils:70 - Retrieved @ProfileValueSourceConfiguration [null] for test class [com.spring.AoP.UserDaoTest]
2019-03-07 17:17:22 DEBUG ProfileValueUtils:83 - Retrieved ProfileValueSource type [class org.springframework.test.annotation.SystemProfileValueSource] for class [com.spring.AoP.UserDaoTest]
2019-03-07 17:17:22 DEBUG ProfileValueUtils:70 - Retrieved @ProfileValueSourceConfiguration [null] for test class [com.spring.AoP.UserDaoTest]
2019-03-07 17:17:22 DEBUG ProfileValueUtils:83 - Retrieved ProfileValueSource type [class org.springframework.test.annotation.SystemProfileValueSource] for class [com.spring.AoP.UserDaoTest]
2019-03-07 17:17:22 DEBUG ProfileValueUtils:70 - Retrieved @ProfileValueSourceConfiguration [null] for test class [com.spring.AoP.UserDaoTest]
2019-03-07 17:17:22 DEBUG ProfileValueUtils:83 - Retrieved ProfileValueSource type [class org.springframework.test.annotation.SystemProfileValueSource] for class [com.spring.AoP.UserDaoTest]
2019-03-07 17:17:22 DEBUG ProfileValueUtils:70 - Retrieved @ProfileValueSourceConfiguration [null] for test class [com.spring.AoP.UserDaoTest]
2019-03-07 17:17:22 DEBUG ProfileValueUtils:83 - Retrieved ProfileValueSource type [class org.springframework.test.annotation.SystemProfileValueSource] for class [com.spring.AoP.UserDaoTest]
2019-03-07 17:17:22 DEBUG AbstractDirtiesContextTestExecutionListener:142 - Before test class: context [DefaultTestContext@617faa95 testClass = UserDaoTest, testInstance = [null], testMethod = [null], testException = [null], mergedContextConfiguration = [MergedContextConfiguration@1e127982 testClass = UserDaoTest, locations = '{classpath:/spring.xml}', classes = '{}', contextInitializerClasses = '[]', activeProfiles = '{}', propertySourceLocations = '{}', propertySourceProperties = '{}', contextCustomizers = set[[empty]], contextLoader = 'org.springframework.test.context.support.DelegatingSmartContextLoader', parent = [null]], attributes = map[[empty]]], class annotated with @DirtiesContext [false] with mode [null].
2019-03-07 17:17:22 DEBUG ProfileValueUtils:70 - Retrieved @ProfileValueSourceConfiguration [null] for test class [com.spring.AoP.UserDaoTest]
2019-03-07 17:17:22 DEBUG ProfileValueUtils:83 - Retrieved ProfileValueSource type [class org.springframework.test.annotation.SystemProfileValueSource] for class [com.spring.AoP.UserDaoTest]
2019-03-07 17:17:22 DEBUG DependencyInjectionTestExecutionListener:81 - Performing dependency injection for test context [[DefaultTestContext@617faa95 testClass = UserDaoTest, testInstance = com.spring.AoP.UserDaoTest@a67c67e, testMethod = [null], testException = [null], mergedContextConfiguration = [MergedContextConfiguration@1e127982 testClass = UserDaoTest, locations = '{classpath:/spring.xml}', classes = '{}', contextInitializerClasses = '[]', activeProfiles = '{}', propertySourceLocations = '{}', propertySourceProperties = '{}', contextCustomizers = set[[empty]], contextLoader = 'org.springframework.test.context.support.DelegatingSmartContextLoader', parent = [null]], attributes = map[[empty]]]].
2019-03-07 17:17:22 DEBUG AbstractDelegatingSmartContextLoader:273 - Delegating to GenericXmlContextLoader to load context from [MergedContextConfiguration@1e127982 testClass = UserDaoTest, locations = '{classpath:/spring.xml}', classes = '{}', contextInitializerClasses = '[]', activeProfiles = '{}', propertySourceLocations = '{}', propertySourceProperties = '{}', contextCustomizers = set[[empty]], contextLoader = 'org.springframework.test.context.support.DelegatingSmartContextLoader', parent = [null]].
2019-03-07 17:17:22 DEBUG AbstractGenericContextLoader:109 - Loading ApplicationContext for merged context configuration [[MergedContextConfiguration@1e127982 testClass = UserDaoTest, locations = '{classpath:/spring.xml}', classes = '{}', contextInitializerClasses = '[]', activeProfiles = '{}', propertySourceLocations = '{}', propertySourceProperties = '{}', contextCustomizers = set[[empty]], contextLoader = 'org.springframework.test.context.support.DelegatingSmartContextLoader', parent = [null]]].
2019-03-07 17:17:22 DEBUG StandardEnvironment:252 - Activating profiles []
2019-03-07 17:17:22 DEBUG XmlBeanDefinitionReader:395 - Loaded 5 bean definitions from class path resource [spring.xml]
2019-03-07 17:17:22 DEBUG GenericApplicationContext:594 - Refreshing org.springframework.context.support.GenericApplicationContext@47ef968d
2019-03-07 17:17:22 DEBUG DefaultListableBeanFactory:213 - Creating shared instance of singleton bean 'org.springframework.context.annotation.internalConfigurationAnnotationProcessor'
2019-03-07 17:17:22 DEBUG DefaultListableBeanFactory:213 - Creating shared instance of singleton bean 'org.springframework.context.event.internalEventListenerProcessor'
2019-03-07 17:17:22 DEBUG DefaultListableBeanFactory:213 - Creating shared instance of singleton bean 'org.springframework.context.event.internalEventListenerFactory'
2019-03-07 17:17:22 DEBUG DefaultListableBeanFactory:213 - Creating shared instance of singleton bean 'org.springframework.context.annotation.internalAutowiredAnnotationProcessor'
2019-03-07 17:17:22 DEBUG DefaultListableBeanFactory:213 - Creating shared instance of singleton bean 'org.springframework.context.annotation.internalCommonAnnotationProcessor'
2019-03-07 17:17:22 DEBUG DefaultListableBeanFactory:213 - Creating shared instance of singleton bean 'org.springframework.aop.config.internalAutoProxyCreator'
2019-03-07 17:17:23 DEBUG DefaultListableBeanFactory:213 - Creating shared instance of singleton bean 'user'
2019-03-07 17:17:23 DEBUG DefaultListableBeanFactory:213 - Creating shared instance of singleton bean 'org.springframework.aop.aspectj.AspectJPointcutAdvisor#0'
2019-03-07 17:17:23 DEBUG DefaultListableBeanFactory:213 - Creating shared instance of singleton bean 'beforeAdvice'
2019-03-07 17:17:23 DEBUG DefaultCacheAwareContextLoaderDelegate:119 - Storing ApplicationContext in cache under key [[MergedContextConfiguration@1e127982 testClass = UserDaoTest, locations = '{classpath:/spring.xml}', classes = '{}', contextInitializerClasses = '[]', activeProfiles = '{}', propertySourceLocations = '{}', propertySourceProperties = '{}', contextCustomizers = set[[empty]], contextLoader = 'org.springframework.test.context.support.DelegatingSmartContextLoader', parent = [null]]]
2019-03-07 17:17:23 DEBUG cache:290 - Spring test ApplicationContext cache statistics: [DefaultContextCache@1d8bd0de size = 1, maxSize = 32, parentContextCount = 0, hitCount = 0, missCount = 1]
2019-03-07 17:17:23 DEBUG AbstractDirtiesContextTestExecutionListener:107 - Before test method: context [DefaultTestContext@617faa95 testClass = UserDaoTest, testInstance = com.spring.AoP.UserDaoTest@a67c67e, testMethod = insert@UserDaoTest, testException = [null], mergedContextConfiguration = [MergedContextConfiguration@1e127982 testClass = UserDaoTest, locations = '{classpath:/spring.xml}', classes = '{}', contextInitializerClasses = '[]', activeProfiles = '{}', propertySourceLocations = '{}', propertySourceProperties = '{}', contextCustomizers = set[[empty]], contextLoader = 'org.springframework.test.context.support.DelegatingSmartContextLoader', parent = [null]], attributes = map[[empty]]], class annotated with @DirtiesContext [false] with mode [null], method annotated with @DirtiesContext [false] with mode [null].
2019-03-07 17:17:23 DEBUG BeforeAdvice:14 - 连接数据库
2019-03-07 17:17:23 DEBUG UserDaoImpl:15 - 开始进行插入操作
2019-03-07 17:17:23 DEBUG AbstractDirtiesContextTestExecutionListener:107 - After test method: context [DefaultTestContext@617faa95 testClass = UserDaoTest, testInstance = com.spring.AoP.UserDaoTest@a67c67e, testMethod = insert@UserDaoTest, testException = [null], mergedContextConfiguration = [MergedContextConfiguration@1e127982 testClass = UserDaoTest, locations = '{classpath:/spring.xml}', classes = '{}', contextInitializerClasses = '[]', activeProfiles = '{}', propertySourceLocations = '{}', propertySourceProperties = '{}', contextCustomizers = set[[empty]], contextLoader = 'org.springframework.test.context.support.DelegatingSmartContextLoader', parent = [null]], attributes = map[[empty]]], class annotated with @DirtiesContext [false] with mode [null], method annotated with @DirtiesContext [false] with mode [null].
2019-03-07 17:17:23 DEBUG AbstractDirtiesContextTestExecutionListener:142 - After test class: context [DefaultTestContext@617faa95 testClass = UserDaoTest, testInstance = [null], testMethod = [null], testException = [null], mergedContextConfiguration = [MergedContextConfiguration@1e127982 testClass = UserDaoTest, locations = '{classpath:/spring.xml}', classes = '{}', contextInitializerClasses = '[]', activeProfiles = '{}', propertySourceLocations = '{}', propertySourceProperties = '{}', contextCustomizers = set[[empty]], contextLoader = 'org.springframework.test.context.support.DelegatingSmartContextLoader', parent = [null]], attributes = map[[empty]]], class annotated with @DirtiesContext [false] with mode [null].
2019-03-07 17:17:23 DEBUG GenericApplicationContext:1002 - Closing org.springframework.context.support.GenericApplicationContext@47ef968d, started on Thu Mar 07 17:17:22 CST 2019
2019-03-07 17:26:31  INFO DefaultTestContextBootstrapper:248 - Loaded default TestExecutionListener class names from location [META-INF/spring.factories]: [org.springframework.test.context.web.ServletTestExecutionListener, org.springframework.test.context.support.DirtiesContextBeforeModesTestExecutionListener, org.springframework.test.context.support.DependencyInjectionTestExecutionListener, org.springframework.test.context.support.DirtiesContextTestExecutionListener, org.springframework.test.context.transaction.TransactionalTestExecutionListener, org.springframework.test.context.jdbc.SqlScriptsTestExecutionListener]
2019-03-07 17:26:31  INFO DefaultTestContextBootstrapper:177 - Using TestExecutionListeners: [org.springframework.test.context.support.DirtiesContextBeforeModesTestExecutionListener@6eebc39e, org.springframework.test.context.support.DependencyInjectionTestExecutionListener@464bee09, org.springframework.test.context.support.DirtiesContextTestExecutionListener@f6c48ac]
